# JRE version: Java(TM) SE Runtime Environment (17.0.12+8) (build 17.0.12+8-LTS-286)
# Java VM: Java HotSpot(TM) 64-Bit Server VM (17.0.12+8-LTS-286, mixed mode, sharing, tiered, compressed oops, compressed class ptrs, g1 gc, windows-amd64)
GC Precious Log:
 CPUs: 8 total, 8 available
 Memory: 16194M
 Large Page Support: Disabled
 NUMA Support: Disabled
 Compressed Oops: Enabled (Zero based)
 Heap Region Size: 2M
 Heap Min Capacity: 8M
 Heap Initial Capacity: 254M
 Heap Max Capacity: 4050M
 Pre-touch: Disabled
 Parallel Workers: 8
 Concurrent Workers: 2
 Concurrent Refinement Workers: 8
 Periodic GC: Disabled
Heap:
 garbage-first heap   total 192512K, used 98117K [0x0000000702e00000, 0x0000000800000000)
  region size 2048K, 23 young (47104K), 4 survivors (8192K)
 Metaspace       used 124790K, committed 127040K, reserved 1179648K
  class space    used 14682K, committed 15808K, reserved 1048576K
GC Heap History (20 events):
Event: 1326.000 GC heap before
{Heap before GC invocations=143 (full 51):
 garbage-first heap   total 192512K, used 142571K [0x0000000702e00000, 0x0000000800000000)
  region size 2048K, 45 young (92160K), 0 survivors (0K)
 Metaspace       used 122615K, committed 124672K, reserved 1179648K
  class space    used 14513K, committed 15552K, reserved 1048576K
}
Event: 1326.002 GC heap after
{Heap after GC invocations=144 (full 51):
 garbage-first heap   total 192512K, used 59602K [0x0000000702e00000, 0x0000000800000000)
  region size 2048K, 4 young (8192K), 4 survivors (8192K)
 Metaspace       used 122615K, committed 124672K, reserved 1179648K
  class space    used 14513K, committed 15552K, reserved 1048576K
}
Event: 1502.311 GC heap before
{Heap before GC invocations=144 (full 51):
 garbage-first heap   total 192512K, used 147666K [0x0000000702e00000, 0x0000000800000000)
  region size 2048K, 47 young (96256K), 4 survivors (8192K)
 Metaspace       used 122693K, committed 124736K, reserved 1179648K
  class space    used 14514K, committed 15552K, reserved 1048576K
}
Event: 1502.313 GC heap after
{Heap after GC invocations=145 (full 51):
 garbage-first heap   total 192512K, used 60137K [0x0000000702e00000, 0x0000000800000000)
  region size 2048K, 1 young (2048K), 1 survivors (2048K)
 Metaspace       used 122693K, committed 124736K, reserved 1179648K
  class space    used 14514K, committed 15552K, reserved 1048576K
}
Event: 1682.397 GC heap before
{Heap before GC invocations=145 (full 51):
 garbage-first heap   total 192512K, used 148201K [0x0000000702e00000, 0x0000000800000000)
  region size 2048K, 44 young (90112K), 1 survivors (2048K)
 Metaspace       used 122871K, committed 124864K, reserved 1179648K
  class space    used 14529K, committed 15552K, reserved 1048576K
}
Event: 1682.398 GC heap after
{Heap after GC invocations=146 (full 51):
 garbage-first heap   total 192512K, used 59654K [0x0000000702e00000, 0x0000000800000000)
  region size 2048K, 1 young (2048K), 1 survivors (2048K)
 Metaspace       used 122871K, committed 124864K, reserved 1179648K
  class space    used 14529K, committed 15552K, reserved 1048576K
}
Event: 1855.662 GC heap before
{Heap before GC invocations=146 (full 51):
 garbage-first heap   total 192512K, used 149766K [0x0000000702e00000, 0x0000000800000000)
  region size 2048K, 45 young (92160K), 1 survivors (2048K)
 Metaspace       used 122943K, committed 124992K, reserved 1179648K
  class space    used 14529K, committed 15552K, reserved 1048576K
}
Event: 1855.663 GC heap after
{Heap after GC invocations=147 (full 51):
 garbage-first heap   total 192512K, used 60429K [0x0000000702e00000, 0x0000000800000000)
  region size 2048K, 1 young (2048K), 1 survivors (2048K)
 Metaspace       used 122943K, committed 124992K, reserved 1179648K
  class space    used 14529K, committed 15552K, reserved 1048576K
}
Event: 2049.653 GC heap before
{Heap before GC invocations=147 (full 51):
 garbage-first heap   total 192512K, used 152589K [0x0000000702e00000, 0x0000000800000000)
  region size 2048K, 46 young (94208K), 1 survivors (2048K)
 Metaspace       used 123046K, committed 125120K, reserved 1179648K
  class space    used 14532K, committed 15552K, reserved 1048576K
}
Event: 2049.654 GC heap after
{Heap after GC invocations=148 (full 51):
 garbage-first heap   total 192512K, used 60395K [0x0000000702e00000, 0x0000000800000000)
  region size 2048K, 1 young (2048K), 1 survivors (2048K)
 Metaspace       used 123046K, committed 125120K, reserved 1179648K
  class space    used 14532K, committed 15552K, reserved 1048576K
}
Event: 2246.629 GC heap before
{Heap before GC invocations=148 (full 51):
 garbage-first heap   total 192512K, used 154603K [0x0000000702e00000, 0x0000000800000000)
  region size 2048K, 47 young (96256K), 1 survivors (2048K)
 Metaspace       used 123224K, committed 125312K, reserved 1179648K
  class space    used 14553K, committed 15616K, reserved 1048576K
}
Event: 2246.631 GC heap after
{Heap after GC invocations=149 (full 51):
 garbage-first heap   total 192512K, used 60527K [0x0000000702e00000, 0x0000000800000000)
  region size 2048K, 1 young (2048K), 1 survivors (2048K)
 Metaspace       used 123224K, committed 125312K, reserved 1179648K
  class space    used 14553K, committed 15616K, reserved 1048576K
}
Event: 2433.347 GC heap before
{Heap before GC invocations=149 (full 51):
 garbage-first heap   total 192512K, used 150639K [0x0000000702e00000, 0x0000000800000000)
  region size 2048K, 46 young (94208K), 1 survivors (2048K)
 Metaspace       used 123435K, committed 125568K, reserved 1179648K
  class space    used 14553K, committed 15616K, reserved 1048576K
}
Event: 2433.408 GC heap after
{Heap after GC invocations=150 (full 52):
 garbage-first heap   total 192512K, used 52999K [0x0000000702e00000, 0x0000000800000000)
  region size 2048K, 0 young (0K), 0 survivors (0K)
 Metaspace       used 123425K, committed 125568K, reserved 1179648K
  class space    used 14552K, committed 15616K, reserved 1048576K
}
Event: 2484.006 GC heap before
{Heap before GC invocations=150 (full 52):
 garbage-first heap   total 192512K, used 157447K [0x0000000702e00000, 0x0000000800000000)
  region size 2048K, 52 young (106496K), 0 survivors (0K)
 Metaspace       used 124096K, committed 126272K, reserved 1179648K
  class space    used 14628K, committed 15744K, reserved 1048576K
}
Event: 2484.009 GC heap after
{Heap after GC invocations=151 (full 52):
 garbage-first heap   total 192512K, used 59912K [0x0000000702e00000, 0x0000000800000000)
  region size 2048K, 4 young (8192K), 4 survivors (8192K)
 Metaspace       used 124096K, committed 126272K, reserved 1179648K
  class space    used 14628K, committed 15744K, reserved 1048576K
}
Event: 2551.222 GC heap before
{Heap before GC invocations=151 (full 52):
 garbage-first heap   total 192512K, used 92680K [0x0000000702e00000, 0x0000000800000000)
  region size 2048K, 21 young (43008K), 4 survivors (8192K)
 Metaspace       used 124138K, committed 126272K, reserved 1179648K
  class space    used 14629K, committed 15744K, reserved 1048576K
}
Event: 2551.281 GC heap after
{Heap after GC invocations=152 (full 53):
 garbage-first heap   total 192512K, used 53391K [0x0000000702e00000, 0x0000000800000000)
  region size 2048K, 0 young (0K), 0 survivors (0K)
 Metaspace       used 124129K, committed 126272K, reserved 1179648K
  class space    used 14627K, committed 15744K, reserved 1048576K
}
Event: 2553.226 GC heap before
{Heap before GC invocations=152 (full 53):
 garbage-first heap   total 192512K, used 151695K [0x0000000702e00000, 0x0000000800000000)
  region size 2048K, 49 young (100352K), 0 survivors (0K)
 Metaspace       used 124436K, committed 126592K, reserved 1179648K
  class space    used 14657K, committed 15744K, reserved 1048576K
}
Event: 2553.230 GC heap after
{Heap after GC invocations=153 (full 53):
 garbage-first heap   total 192512K, used 61253K [0x0000000702e00000, 0x0000000800000000)
  region size 2048K, 4 young (8192K), 4 survivors (8192K)
 Metaspace       used 124436K, committed 126592K, reserved 1179648K
  class space    used 14657K, committed 15744K, reserved 1048576K
}

